app/build/intermediates/manifest_merge_blame_file/debug/manifest-merger-blame-debug-report.txt
1<?xml version="1.0" encoding="utf-8"?>
2<manifest xmlns:android="http://schemas.android.com/apk/res/android"
3    package="com.aoop.qiaomi_native"
4    android:versionCode="1"
5    android:versionName="1.0" >
6
7    <uses-sdk
8        android:minSdkVersion="23"
8-->src/main/AndroidManifest.xml
9        android:targetSdkVersion="31" />
9-->src/main/AndroidManifest.xml
10
11    <uses-permission android:name="android.permission.INTERNET" />
11-->src/main/AndroidManifest.xml:5:5-67
11-->src/main/AndroidManifest.xml:5:22-64
12
13    <!-- XXX ACCESS_NETWORK_STATE is required by WebRTC. -->
14    <uses-permission android:name="android.permission.ACCESS_NETWORK_STATE" />
14-->[org.jitsi.react:jitsi-meet-sdk:3.10.2] AndroidManifest.xml:10:5-79
14-->[org.jitsi.react:jitsi-meet-sdk:3.10.2] AndroidManifest.xml:10:22-76
15    <uses-permission android:name="android.permission.BLUETOOTH" />
15-->[org.jitsi.react:jitsi-meet-sdk:3.10.2] AndroidManifest.xml:11:5-68
15-->[org.jitsi.react:jitsi-meet-sdk:3.10.2] AndroidManifest.xml:11:22-65
16    <uses-permission android:name="android.permission.CAMERA" />
16-->[org.jitsi.react:jitsi-meet-sdk:3.10.2] AndroidManifest.xml:12:5-65
16-->[org.jitsi.react:jitsi-meet-sdk:3.10.2] AndroidManifest.xml:12:22-62
17    <uses-permission android:name="android.permission.MANAGE_OWN_CALLS" />
17-->[org.jitsi.react:jitsi-meet-sdk:3.10.2] AndroidManifest.xml:14:5-75
17-->[org.jitsi.react:jitsi-meet-sdk:3.10.2] AndroidManifest.xml:14:22-72
18    <uses-permission android:name="android.permission.MODIFY_AUDIO_SETTINGS" />
18-->[org.jitsi.react:jitsi-meet-sdk:3.10.2] AndroidManifest.xml:15:5-80
18-->[org.jitsi.react:jitsi-meet-sdk:3.10.2] AndroidManifest.xml:15:22-77
19    <uses-permission android:name="android.permission.RECORD_AUDIO" />
19-->[org.jitsi.react:jitsi-meet-sdk:3.10.2] AndroidManifest.xml:16:5-71
19-->[org.jitsi.react:jitsi-meet-sdk:3.10.2] AndroidManifest.xml:16:22-68
20    <uses-permission android:name="android.permission.SYSTEM_ALERT_WINDOW" />
20-->[org.jitsi.react:jitsi-meet-sdk:3.10.2] AndroidManifest.xml:17:5-78
20-->[org.jitsi.react:jitsi-meet-sdk:3.10.2] AndroidManifest.xml:17:22-75
21    <uses-permission android:name="android.permission.WAKE_LOCK" />
21-->[org.jitsi.react:jitsi-meet-sdk:3.10.2] AndroidManifest.xml:18:5-68
21-->[org.jitsi.react:jitsi-meet-sdk:3.10.2] AndroidManifest.xml:18:22-65
22    <uses-permission android:name="android.permission.ACCESS_WIFI_STATE" />
22-->[org.jitsi.react:jitsi-meet-sdk:3.10.2] AndroidManifest.xml:19:5-76
22-->[org.jitsi.react:jitsi-meet-sdk:3.10.2] AndroidManifest.xml:19:22-73
23    <uses-permission android:name="android.permission.FOREGROUND_SERVICE" />
23-->[org.jitsi.react:jitsi-meet-sdk:3.10.2] AndroidManifest.xml:20:5-77
23-->[org.jitsi.react:jitsi-meet-sdk:3.10.2] AndroidManifest.xml:20:22-74
24
25    <uses-feature
25-->[org.jitsi.react:jitsi-meet-sdk:3.10.2] AndroidManifest.xml:22:5-24:35
26        android:glEsVersion="0x00020000"
26-->[org.jitsi.react:jitsi-meet-sdk:3.10.2] AndroidManifest.xml:23:9-41
27        android:required="true" />
27-->[org.jitsi.react:jitsi-meet-sdk:3.10.2] AndroidManifest.xml:24:9-32
28    <uses-feature
28-->[org.jitsi.react:jitsi-meet-sdk:3.10.2] AndroidManifest.xml:25:5-27:36
29        android:name="android.hardware.camera"
29-->[org.jitsi.react:jitsi-meet-sdk:3.10.2] AndroidManifest.xml:26:9-47
30        android:required="false" />
30-->[org.jitsi.react:jitsi-meet-sdk:3.10.2] AndroidManifest.xml:27:9-33
31    <uses-feature
31-->[org.jitsi.react:jitsi-meet-sdk:3.10.2] AndroidManifest.xml:28:5-30:36
32        android:name="android.hardware.camera.autofocus"
32-->[org.jitsi.react:jitsi-meet-sdk:3.10.2] AndroidManifest.xml:29:9-57
33        android:required="false" />
33-->[org.jitsi.react:jitsi-meet-sdk:3.10.2] AndroidManifest.xml:30:9-33
34
35    <uses-permission android:name="android.permission.WRITE_CALENDAR" />
35-->[com.facebook.react:react-native-calendar-events:2.0.0-jitsi-8711917] AndroidManifest.xml:11:5-73
35-->[com.facebook.react:react-native-calendar-events:2.0.0-jitsi-8711917] AndroidManifest.xml:11:22-70
36    <uses-permission android:name="android.permission.READ_CALENDAR" /> <!-- Required by older versions of Google Play services to create IID tokens -->
36-->[com.facebook.react:react-native-calendar-events:2.0.0-jitsi-8711917] AndroidManifest.xml:12:5-72
36-->[com.facebook.react:react-native-calendar-events:2.0.0-jitsi-8711917] AndroidManifest.xml:12:22-69
37    <uses-permission android:name="com.google.android.c2dm.permission.RECEIVE" />
37-->[com.google.firebase:firebase-messaging:23.0.0] AndroidManifest.xml:25:5-82
37-->[com.google.firebase:firebase-messaging:23.0.0] AndroidManifest.xml:25:22-79
38    <uses-permission android:name="com.google.android.finsky.permission.BIND_GET_INSTALL_REFERRER_SERVICE" />
38-->[com.android.installreferrer:installreferrer:1.1.2] AndroidManifest.xml:9:5-110
38-->[com.android.installreferrer:installreferrer:1.1.2] AndroidManifest.xml:9:22-107
39
40    <application
40-->src/main/AndroidManifest.xml:7:5-69:19
41        android:allowBackup="true"
41-->src/main/AndroidManifest.xml:8:9-35
42        android:appComponentFactory="androidx.core.app.CoreComponentFactory"
42-->[androidx.core:core:1.5.0] AndroidManifest.xml:24:18-86
43        android:debuggable="true"
44        android:extractNativeLibs="false"
45        android:icon="@mipmap/ic_launcher"
45-->src/main/AndroidManifest.xml:9:9-43
46        android:label="@string/app_name"
46-->src/main/AndroidManifest.xml:10:9-41
47        android:roundIcon="@mipmap/ic_launcher_round"
47-->src/main/AndroidManifest.xml:11:9-54
48        android:supportsRtl="true"
48-->src/main/AndroidManifest.xml:12:9-35
49        android:testOnly="true"
50        android:theme="@style/Theme.Qiaomi_Native" >
50-->src/main/AndroidManifest.xml:13:9-51
51        <activity
51-->src/main/AndroidManifest.xml:14:9-16:40
52            android:name="com.aoop.qiaomi_native.Activitys.CallActivity"
52-->src/main/AndroidManifest.xml:15:13-51
53            android:exported="false" />
53-->src/main/AndroidManifest.xml:16:13-37
54        <activity
54-->src/main/AndroidManifest.xml:17:9-19:40
55            android:name="com.aoop.qiaomi_native.Activitys.SettingActivity"
55-->src/main/AndroidManifest.xml:18:13-54
56            android:exported="false" />
56-->src/main/AndroidManifest.xml:19:13-37
57        <activity
57-->src/main/AndroidManifest.xml:20:9-22:40
58            android:name="com.aoop.qiaomi_native.Activitys.GroupChatActivity"
58-->src/main/AndroidManifest.xml:21:13-56
59            android:exported="false" />
59-->src/main/AndroidManifest.xml:22:13-37
60        <activity
60-->src/main/AndroidManifest.xml:23:9-26:70
61            android:name="com.aoop.qiaomi_native.Activitys.ChatActivity"
61-->src/main/AndroidManifest.xml:24:13-51
62            android:exported="false"
62-->src/main/AndroidManifest.xml:25:13-37
63            android:theme="@style/Theme.Qiaomi_Native.NoActionBar" />
63-->src/main/AndroidManifest.xml:26:13-67
64        <activity
64-->src/main/AndroidManifest.xml:27:9-35:20
65            android:name="com.aoop.qiaomi_native.Activitys.SignInActivity"
65-->src/main/AndroidManifest.xml:28:13-53
66            android:exported="true" >
66-->src/main/AndroidManifest.xml:29:13-36
67            <intent-filter>
67-->src/main/AndroidManifest.xml:30:13-34:29
68                <action android:name="android.intent.action.MAIN" />
68-->src/main/AndroidManifest.xml:31:17-69
68-->src/main/AndroidManifest.xml:31:25-66
69
70                <category android:name="android.intent.category.LAUNCHER" />
70-->src/main/AndroidManifest.xml:33:17-77
70-->src/main/AndroidManifest.xml:33:27-74
71            </intent-filter>
72        </activity>
73        <activity
73-->src/main/AndroidManifest.xml:36:9-38:39
74            android:name="com.aoop.qiaomi_native.Activitys.SignUpActivity"
74-->src/main/AndroidManifest.xml:37:13-53
75            android:exported="true" />
75-->src/main/AndroidManifest.xml:38:13-36
76        <activity
76-->src/main/AndroidManifest.xml:39:9-42:63
77            android:name="com.aoop.qiaomi_native.Activitys.MainActivity"
77-->src/main/AndroidManifest.xml:40:13-51
78            android:exported="true"
78-->src/main/AndroidManifest.xml:41:13-36
79            android:windowSoftInputMode="stateAlwaysHidden" />
79-->src/main/AndroidManifest.xml:42:13-60
80
81        <meta-data
81-->src/main/AndroidManifest.xml:44:9-46:57
82            android:name="preloaded_fonts"
82-->src/main/AndroidManifest.xml:45:13-43
83            android:resource="@array/preloaded_fonts" />
83-->src/main/AndroidManifest.xml:46:13-54
84        <!--
85 Set custom default icon. This is used when no icon is set for incoming notification messages.
86     See README(https://goo.gl/l4GJaQ) for more.
87        -->
88        <meta-data
88-->src/main/AndroidManifest.xml:51:9-53:49
89            android:name="com.google.firebase.messaging.default_notification_icon"
89-->src/main/AndroidManifest.xml:52:13-83
90            android:resource="@drawable/sent" />
90-->src/main/AndroidManifest.xml:53:13-46
91        <!--
92 Set color used with incoming notification messages. This is used when no color is set for the incoming
93             notification message. See README(https://goo.gl/6BKBk7) for more.
94        -->
95        <meta-data
95-->src/main/AndroidManifest.xml:58:9-60:47
96            android:name="com.google.firebase.messaging.default_notification_color"
96-->src/main/AndroidManifest.xml:59:13-84
97            android:resource="@color/green" />
97-->src/main/AndroidManifest.xml:60:13-44
98
99        <service
99-->src/main/AndroidManifest.xml:62:9-68:19
100            android:name="com.aoop.qiaomi_native.MyFirebaseService"
100-->src/main/AndroidManifest.xml:63:13-46
101            android:exported="false" >
101-->src/main/AndroidManifest.xml:64:13-37
102            <intent-filter>
102-->src/main/AndroidManifest.xml:65:13-67:29
103                <action android:name="com.google.firebase.MESSAGING_EVENT" />
103-->src/main/AndroidManifest.xml:66:17-78
103-->src/main/AndroidManifest.xml:66:25-75
104            </intent-filter>
105        </service>
106
107        <activity
107-->[org.jitsi.react:jitsi-meet-sdk:3.10.2] AndroidManifest.xml:36:9-42:58
108            android:name="org.jitsi.meet.sdk.JitsiMeetActivity"
108-->[org.jitsi.react:jitsi-meet-sdk:3.10.2] AndroidManifest.xml:37:13-64
109            android:configChanges="keyboard|keyboardHidden|orientation|screenLayout|screenSize|smallestScreenSize"
109-->[org.jitsi.react:jitsi-meet-sdk:3.10.2] AndroidManifest.xml:38:13-115
110            android:launchMode="singleTask"
110-->[org.jitsi.react:jitsi-meet-sdk:3.10.2] AndroidManifest.xml:39:13-44
111            android:resizeableActivity="true"
111-->[org.jitsi.react:jitsi-meet-sdk:3.10.2] AndroidManifest.xml:40:13-46
112            android:supportsPictureInPicture="true"
112-->[org.jitsi.react:jitsi-meet-sdk:3.10.2] AndroidManifest.xml:41:13-52
113            android:windowSoftInputMode="adjustResize" />
113-->[org.jitsi.react:jitsi-meet-sdk:3.10.2] AndroidManifest.xml:42:13-55
114        <activity android:name="com.facebook.react.devsupport.DevSettingsActivity" />
114-->[org.jitsi.react:jitsi-meet-sdk:3.10.2] AndroidManifest.xml:43:9-86
114-->[org.jitsi.react:jitsi-meet-sdk:3.10.2] AndroidManifest.xml:43:19-83
115
116        <service
116-->[org.jitsi.react:jitsi-meet-sdk:3.10.2] AndroidManifest.xml:45:9-52:19
117            android:name="org.jitsi.meet.sdk.ConnectionService"
117-->[org.jitsi.react:jitsi-meet-sdk:3.10.2] AndroidManifest.xml:46:13-64
118            android:exported="true"
118-->[org.jitsi.react:jitsi-meet-sdk:3.10.2] AndroidManifest.xml:47:13-36
119            android:permission="android.permission.BIND_TELECOM_CONNECTION_SERVICE" >
119-->[org.jitsi.react:jitsi-meet-sdk:3.10.2] AndroidManifest.xml:48:13-84
120            <intent-filter>
120-->[org.jitsi.react:jitsi-meet-sdk:3.10.2] AndroidManifest.xml:49:13-51:29
121                <action android:name="android.telecom.ConnectionService" />
121-->[org.jitsi.react:jitsi-meet-sdk:3.10.2] AndroidManifest.xml:50:17-76
121-->[org.jitsi.react:jitsi-meet-sdk:3.10.2] AndroidManifest.xml:50:25-73
122            </intent-filter>
123        </service>
124        <service
124-->[org.jitsi.react:jitsi-meet-sdk:3.10.2] AndroidManifest.xml:53:9-55:63
125            android:name="org.jitsi.meet.sdk.JitsiMeetOngoingConferenceService"
125-->[org.jitsi.react:jitsi-meet-sdk:3.10.2] AndroidManifest.xml:54:13-80
126            android:foregroundServiceType="mediaProjection" />
126-->[org.jitsi.react:jitsi-meet-sdk:3.10.2] AndroidManifest.xml:55:13-60
127
128        <provider
128-->[org.jitsi.react:jitsi-meet-sdk:3.10.2] AndroidManifest.xml:57:9-62:20
129            android:name="com.reactnativecommunity.webview.RNCWebViewFileProvider"
129-->[org.jitsi.react:jitsi-meet-sdk:3.10.2] AndroidManifest.xml:58:13-83
130            android:authorities="com.aoop.qiaomi_native.fileprovider"
130-->[org.jitsi.react:jitsi-meet-sdk:3.10.2] AndroidManifest.xml:59:13-64
131            android:enabled="false"
131-->[org.jitsi.react:jitsi-meet-sdk:3.10.2] AndroidManifest.xml:60:13-36
132            android:exported="false"
132-->[com.facebook.react:react-native-webview:11.0.2-jitsi-8711917] AndroidManifest.xml:15:13-37
133            android:grantUriPermissions="true" >
133-->[com.facebook.react:react-native-webview:11.0.2-jitsi-8711917] AndroidManifest.xml:16:13-47
134            <meta-data
134-->[com.facebook.react:react-native-webview:11.0.2-jitsi-8711917] AndroidManifest.xml:17:13-19:63
135                android:name="android.support.FILE_PROVIDER_PATHS"
135-->[com.facebook.react:react-native-webview:11.0.2-jitsi-8711917] AndroidManifest.xml:18:17-67
136                android:resource="@xml/file_provider_paths" />
136-->[com.facebook.react:react-native-webview:11.0.2-jitsi-8711917] AndroidManifest.xml:19:17-60
137        </provider>
138        <provider
138-->[com.facebook.react:react-native-performance:2.0.0-jitsi-8711917] AndroidManifest.xml:10:9-13:40
139            android:name="com.oblador.performance.StartTimeProvider"
139-->[com.facebook.react:react-native-performance:2.0.0-jitsi-8711917] AndroidManifest.xml:11:13-69
140            android:authorities="com.aoop.qiaomi_native.start.time.provider"
140-->[com.facebook.react:react-native-performance:2.0.0-jitsi-8711917] AndroidManifest.xml:12:13-71
141            android:exported="false" />
141-->[com.facebook.react:react-native-performance:2.0.0-jitsi-8711917] AndroidManifest.xml:13:13-37
142
143        <activity
143-->[com.google.firebase:firebase-auth:21.0.1] AndroidManifest.xml:27:9-44:20
144            android:name="com.google.firebase.auth.internal.GenericIdpActivity"
144-->[com.google.firebase:firebase-auth:21.0.1] AndroidManifest.xml:28:13-80
145            android:excludeFromRecents="true"
145-->[com.google.firebase:firebase-auth:21.0.1] AndroidManifest.xml:29:13-46
146            android:exported="true"
146-->[com.google.firebase:firebase-auth:21.0.1] AndroidManifest.xml:30:13-36
147            android:launchMode="singleTask"
147-->[com.google.firebase:firebase-auth:21.0.1] AndroidManifest.xml:31:13-44
148            android:theme="@android:style/Theme.Translucent.NoTitleBar" >
148-->[com.google.firebase:firebase-auth:21.0.1] AndroidManifest.xml:32:13-72
149            <intent-filter>
149-->[com.google.firebase:firebase-auth:21.0.1] AndroidManifest.xml:33:13-43:29
150                <action android:name="android.intent.action.VIEW" />
150-->[com.google.firebase:firebase-auth:21.0.1] AndroidManifest.xml:34:17-69
150-->[com.google.firebase:firebase-auth:21.0.1] AndroidManifest.xml:34:25-66
151
152                <category android:name="android.intent.category.DEFAULT" />
152-->[com.google.firebase:firebase-auth:21.0.1] AndroidManifest.xml:36:17-76
152-->[com.google.firebase:firebase-auth:21.0.1] AndroidManifest.xml:36:27-73
153                <category android:name="android.intent.category.BROWSABLE" />
153-->[com.google.firebase:firebase-auth:21.0.1] AndroidManifest.xml:37:17-78
153-->[com.google.firebase:firebase-auth:21.0.1] AndroidManifest.xml:37:27-75
154
155                <data
155-->[com.google.firebase:firebase-auth:21.0.1] AndroidManifest.xml:39:17-42:51
156                    android:host="firebase.auth"
156-->[com.google.firebase:firebase-auth:21.0.1] AndroidManifest.xml:40:21-49
157                    android:path="/"
157-->[com.google.firebase:firebase-auth:21.0.1] AndroidManifest.xml:41:21-37
158                    android:scheme="genericidp" />
158-->[com.google.firebase:firebase-auth:21.0.1] AndroidManifest.xml:42:21-48
159            </intent-filter>
160        </activity>
161        <activity
161-->[com.google.firebase:firebase-auth:21.0.1] AndroidManifest.xml:45:9-62:20
162            android:name="com.google.firebase.auth.internal.RecaptchaActivity"
162-->[com.google.firebase:firebase-auth:21.0.1] AndroidManifest.xml:46:13-79
163            android:excludeFromRecents="true"
163-->[com.google.firebase:firebase-auth:21.0.1] AndroidManifest.xml:47:13-46
164            android:exported="true"
164-->[com.google.firebase:firebase-auth:21.0.1] AndroidManifest.xml:48:13-36
165            android:launchMode="singleTask"
165-->[com.google.firebase:firebase-auth:21.0.1] AndroidManifest.xml:49:13-44
166            android:theme="@android:style/Theme.Translucent.NoTitleBar" >
166-->[com.google.firebase:firebase-auth:21.0.1] AndroidManifest.xml:50:13-72
167            <intent-filter>
167-->[com.google.firebase:firebase-auth:21.0.1] AndroidManifest.xml:51:13-61:29
168                <action android:name="android.intent.action.VIEW" />
168-->[com.google.firebase:firebase-auth:21.0.1] AndroidManifest.xml:34:17-69
168-->[com.google.firebase:firebase-auth:21.0.1] AndroidManifest.xml:34:25-66
169
170                <category android:name="android.intent.category.DEFAULT" />
170-->[com.google.firebase:firebase-auth:21.0.1] AndroidManifest.xml:36:17-76
170-->[com.google.firebase:firebase-auth:21.0.1] AndroidManifest.xml:36:27-73
171                <category android:name="android.intent.category.BROWSABLE" />
171-->[com.google.firebase:firebase-auth:21.0.1] AndroidManifest.xml:37:17-78
171-->[com.google.firebase:firebase-auth:21.0.1] AndroidManifest.xml:37:27-75
172
173                <data
173-->[com.google.firebase:firebase-auth:21.0.1] AndroidManifest.xml:39:17-42:51
174                    android:host="firebase.auth"
174-->[com.google.firebase:firebase-auth:21.0.1] AndroidManifest.xml:40:21-49
175                    android:path="/"
175-->[com.google.firebase:firebase-auth:21.0.1] AndroidManifest.xml:41:21-37
176                    android:scheme="recaptcha" />
176-->[com.google.firebase:firebase-auth:21.0.1] AndroidManifest.xml:42:21-48
177            </intent-filter>
178        </activity>
179
180        <service
180-->[com.google.firebase:firebase-auth:21.0.1] AndroidManifest.xml:64:9-73:19
181            android:name="com.google.firebase.auth.api.fallback.service.FirebaseAuthFallbackService"
181-->[com.google.firebase:firebase-auth:21.0.1] AndroidManifest.xml:65:13-101
182            android:enabled="true"
182-->[com.google.firebase:firebase-auth:21.0.1] AndroidManifest.xml:66:13-35
183            android:exported="false" >
183-->[com.google.firebase:firebase-auth:21.0.1] AndroidManifest.xml:67:13-37
184            <intent-filter>
184-->[com.google.firebase:firebase-auth:21.0.1] AndroidManifest.xml:68:13-72:29
185                <action android:name="com.google.firebase.auth.api.gms.service.START" />
185-->[com.google.firebase:firebase-auth:21.0.1] AndroidManifest.xml:69:17-89
185-->[com.google.firebase:firebase-auth:21.0.1] AndroidManifest.xml:69:25-86
186
187                <category android:name="android.intent.category.DEFAULT" />
187-->[com.google.firebase:firebase-auth:21.0.1] AndroidManifest.xml:36:17-76
187-->[com.google.firebase:firebase-auth:21.0.1] AndroidManifest.xml:36:27-73
188            </intent-filter>
189        </service>
190        <service
190-->[com.google.firebase:firebase-auth:21.0.1] AndroidManifest.xml:74:9-80:19
191            android:name="com.google.firebase.components.ComponentDiscoveryService"
191-->[com.google.firebase:firebase-auth:21.0.1] AndroidManifest.xml:75:13-84
192            android:directBootAware="true"
192-->[com.google.firebase:firebase-common:20.0.0] AndroidManifest.xml:35:13-43
193            android:exported="false" >
193-->[com.google.firebase:firebase-auth:21.0.1] AndroidManifest.xml:76:13-37
194            <meta-data
194-->[com.google.firebase:firebase-auth:21.0.1] AndroidManifest.xml:77:13-79:85
195                android:name="com.google.firebase.components:com.google.firebase.auth.FirebaseAuthRegistrar"
195-->[com.google.firebase:firebase-auth:21.0.1] AndroidManifest.xml:78:17-109
196                android:value="com.google.firebase.components.ComponentRegistrar" />
196-->[com.google.firebase:firebase-auth:21.0.1] AndroidManifest.xml:79:17-82
197            <meta-data
197-->[com.google.firebase:firebase-database:20.0.2] AndroidManifest.xml:32:13-34:85
198                android:name="com.google.firebase.components:com.google.firebase.database.DatabaseRegistrar"
198-->[com.google.firebase:firebase-database:20.0.2] AndroidManifest.xml:33:17-109
199                android:value="com.google.firebase.components.ComponentRegistrar" />
199-->[com.google.firebase:firebase-database:20.0.2] AndroidManifest.xml:34:17-82
200            <meta-data
200-->[com.google.firebase:firebase-storage:20.0.0] AndroidManifest.xml:33:13-35:85
201                android:name="com.google.firebase.components:com.google.firebase.storage.StorageRegistrar"
201-->[com.google.firebase:firebase-storage:20.0.0] AndroidManifest.xml:34:17-107
202                android:value="com.google.firebase.components.ComponentRegistrar" />
202-->[com.google.firebase:firebase-storage:20.0.0] AndroidManifest.xml:35:17-82
203            <meta-data
203-->[com.google.firebase:firebase-messaging:23.0.0] AndroidManifest.xml:52:13-54:85
204                android:name="com.google.firebase.components:com.google.firebase.messaging.FirebaseMessagingRegistrar"
204-->[com.google.firebase:firebase-messaging:23.0.0] AndroidManifest.xml:53:17-119
205                android:value="com.google.firebase.components.ComponentRegistrar" />
205-->[com.google.firebase:firebase-messaging:23.0.0] AndroidManifest.xml:54:17-82
206            <meta-data
206-->[com.google.firebase:firebase-datatransport:18.0.0] AndroidManifest.xml:28:13-30:85
207                android:name="com.google.firebase.components:com.google.firebase.datatransport.TransportRegistrar"
207-->[com.google.firebase:firebase-datatransport:18.0.0] AndroidManifest.xml:29:17-115
208                android:value="com.google.firebase.components.ComponentRegistrar" />
208-->[com.google.firebase:firebase-datatransport:18.0.0] AndroidManifest.xml:30:17-82
209            <meta-data
209-->[com.google.firebase:firebase-installations:17.0.0] AndroidManifest.xml:18:13-20:85
210                android:name="com.google.firebase.components:com.google.firebase.installations.FirebaseInstallationsRegistrar"
210-->[com.google.firebase:firebase-installations:17.0.0] AndroidManifest.xml:19:17-127
211                android:value="com.google.firebase.components.ComponentRegistrar" />
211-->[com.google.firebase:firebase-installations:17.0.0] AndroidManifest.xml:20:17-82
212        </service>
213
214        <activity
214-->[com.google.android.gms:play-services-auth:19.2.0] AndroidManifest.xml:23:9-27:75
215            android:name="com.google.android.gms.auth.api.signin.internal.SignInHubActivity"
215-->[com.google.android.gms:play-services-auth:19.2.0] AndroidManifest.xml:24:13-93
216            android:excludeFromRecents="true"
216-->[com.google.android.gms:play-services-auth:19.2.0] AndroidManifest.xml:25:13-46
217            android:exported="false"
217-->[com.google.android.gms:play-services-auth:19.2.0] AndroidManifest.xml:26:13-37
218            android:theme="@android:style/Theme.Translucent.NoTitleBar" />
218-->[com.google.android.gms:play-services-auth:19.2.0] AndroidManifest.xml:27:13-72
219        <!--
220            Service handling Google Sign-In user revocation. For apps that do not integrate with
221            Google Sign-In, this service will never be started.
222        -->
223        <service
223-->[com.google.android.gms:play-services-auth:19.2.0] AndroidManifest.xml:33:9-37:51
224            android:name="com.google.android.gms.auth.api.signin.RevocationBoundService"
224-->[com.google.android.gms:play-services-auth:19.2.0] AndroidManifest.xml:34:13-89
225            android:exported="true"
225-->[com.google.android.gms:play-services-auth:19.2.0] AndroidManifest.xml:35:13-36
226            android:permission="com.google.android.gms.auth.api.signin.permission.REVOCATION_NOTIFICATION"
226-->[com.google.android.gms:play-services-auth:19.2.0] AndroidManifest.xml:36:13-107
227            android:visibleToInstantApps="true" />
227-->[com.google.android.gms:play-services-auth:19.2.0] AndroidManifest.xml:37:13-48
228
229        <receiver
229-->[com.google.firebase:firebase-messaging:23.0.0] AndroidManifest.xml:28:9-35:20
230            android:name="com.google.firebase.iid.FirebaseInstanceIdReceiver"
230-->[com.google.firebase:firebase-messaging:23.0.0] AndroidManifest.xml:29:13-78
231            android:exported="true"
231-->[com.google.firebase:firebase-messaging:23.0.0] AndroidManifest.xml:30:13-36
232            android:permission="com.google.android.c2dm.permission.SEND" >
232-->[com.google.firebase:firebase-messaging:23.0.0] AndroidManifest.xml:31:13-73
233            <intent-filter>
233-->[com.google.firebase:firebase-messaging:23.0.0] AndroidManifest.xml:32:13-34:29
234                <action android:name="com.google.android.c2dm.intent.RECEIVE" />
234-->[com.google.firebase:firebase-messaging:23.0.0] AndroidManifest.xml:33:17-81
234-->[com.google.firebase:firebase-messaging:23.0.0] AndroidManifest.xml:33:25-78
235            </intent-filter>
236        </receiver>
237        <!--
238             FirebaseMessagingService performs security checks at runtime,
239             but set to not exported to explicitly avoid allowing another app to call it.
240        -->
241        <service
241-->[com.google.firebase:firebase-messaging:23.0.0] AndroidManifest.xml:41:9-48:19
242            android:name="com.google.firebase.messaging.FirebaseMessagingService"
242-->[com.google.firebase:firebase-messaging:23.0.0] AndroidManifest.xml:42:13-82
243            android:directBootAware="true"
243-->[com.google.firebase:firebase-messaging:23.0.0] AndroidManifest.xml:43:13-43
244            android:exported="false" >
244-->[com.google.firebase:firebase-messaging:23.0.0] AndroidManifest.xml:44:13-37
245            <intent-filter android:priority="-500" >
245-->src/main/AndroidManifest.xml:65:13-67:29
246                <action android:name="com.google.firebase.MESSAGING_EVENT" />
246-->src/main/AndroidManifest.xml:66:17-78
246-->src/main/AndroidManifest.xml:66:25-75
247            </intent-filter>
248        </service>
249
250        <provider
250-->[com.squareup.picasso:picasso:2.71828] AndroidManifest.xml:8:9-11:40
251            android:name="com.squareup.picasso.PicassoProvider"
251-->[com.squareup.picasso:picasso:2.71828] AndroidManifest.xml:9:13-64
252            android:authorities="com.aoop.qiaomi_native.com.squareup.picasso"
252-->[com.squareup.picasso:picasso:2.71828] AndroidManifest.xml:10:13-72
253            android:exported="false" />
253-->[com.squareup.picasso:picasso:2.71828] AndroidManifest.xml:11:13-37
254
255        <service
255-->[com.google.android.datatransport:transport-backend-cct:3.0.0] AndroidManifest.xml:29:9-35:19
256            android:name="com.google.android.datatransport.runtime.backends.TransportBackendDiscovery"
256-->[com.google.android.datatransport:transport-backend-cct:3.0.0] AndroidManifest.xml:30:13-103
257            android:exported="false" >
257-->[com.google.android.datatransport:transport-backend-cct:3.0.0] AndroidManifest.xml:31:13-37
258            <meta-data
258-->[com.google.android.datatransport:transport-backend-cct:3.0.0] AndroidManifest.xml:32:13-34:39
259                android:name="backend:com.google.android.datatransport.cct.CctBackendFactory"
259-->[com.google.android.datatransport:transport-backend-cct:3.0.0] AndroidManifest.xml:33:17-94
260                android:value="cct" />
260-->[com.google.android.datatransport:transport-backend-cct:3.0.0] AndroidManifest.xml:34:17-36
261        </service>
262
263        <provider
263-->[com.google.firebase:firebase-common:20.0.0] AndroidManifest.xml:26:9-31:39
264            android:name="com.google.firebase.provider.FirebaseInitProvider"
264-->[com.google.firebase:firebase-common:20.0.0] AndroidManifest.xml:27:13-77
265            android:authorities="com.aoop.qiaomi_native.firebaseinitprovider"
265-->[com.google.firebase:firebase-common:20.0.0] AndroidManifest.xml:28:13-72
266            android:directBootAware="true"
266-->[com.google.firebase:firebase-common:20.0.0] AndroidManifest.xml:29:13-43
267            android:exported="false"
267-->[com.google.firebase:firebase-common:20.0.0] AndroidManifest.xml:30:13-37
268            android:initOrder="100" />
268-->[com.google.firebase:firebase-common:20.0.0] AndroidManifest.xml:31:13-36
269
270        <activity
270-->[com.google.android.gms:play-services-base:17.5.0] AndroidManifest.xml:23:9-26:75
271            android:name="com.google.android.gms.common.api.GoogleApiActivity"
271-->[com.google.android.gms:play-services-base:17.5.0] AndroidManifest.xml:24:13-79
272            android:exported="false"
272-->[com.google.android.gms:play-services-base:17.5.0] AndroidManifest.xml:25:13-37
273            android:theme="@android:style/Theme.Translucent.NoTitleBar" />